f:\windows\vj\princeofpersia\2dgame\02-bubble\02-bubble\debug\vc120.pdb
f:\windows\vj\princeofpersia\2dgame\02-bubble\02-bubble\debug\vc120.idb
f:\windows\vj\princeofpersia\2dgame\02-bubble\02-bubble\debug\game.obj
f:\windows\vj\princeofpersia\2dgame\02-bubble\02-bubble\debug\main.obj
f:\windows\vj\princeofpersia\2dgame\02-bubble\02-bubble\debug\player.obj
f:\windows\vj\princeofpersia\2dgame\02-bubble\02-bubble\debug\scene.obj
f:\windows\vj\princeofpersia\2dgame\02-bubble\02-bubble\debug\shader.obj
f:\windows\vj\princeofpersia\2dgame\02-bubble\02-bubble\debug\shaderprogram.obj
f:\windows\vj\princeofpersia\2dgame\02-bubble\02-bubble\debug\sprite.obj
f:\windows\vj\princeofpersia\2dgame\02-bubble\02-bubble\debug\texture.obj
f:\windows\vj\princeofpersia\2dgame\02-bubble\02-bubble\debug\tilemap.obj
f:\windows\vj\princeofpersia\2dgame\02-bubble\debug\02-bubble.ilk
f:\windows\vj\princeofpersia\2dgame\02-bubble\debug\02-bubble.pdb
f:\windows\vj\princeofpersia\2dgame\02-bubble\debug\02-bubble.exe
f:\windows\vj\princeofpersia\2dgame\02-bubble\02-bubble\debug\02-bubble.tlog\cl.write.1.tlog
f:\windows\vj\princeofpersia\2dgame\02-bubble\02-bubble\debug\02-bubble.tlog\cl.command.1.tlog
f:\windows\vj\princeofpersia\2dgame\02-bubble\02-bubble\debug\02-bubble.tlog\link.command.1.tlog
f:\windows\vj\princeofpersia\2dgame\02-bubble\02-bubble\debug\02-bubble.tlog\link.write.1.tlog
f:\windows\vj\princeofpersia\2dgame\02-bubble\02-bubble\debug\02-bubble.tlog\link.read.1.tlog
f:\windows\vj\princeofpersia\2dgame\02-bubble\02-bubble\debug\02-bubble.tlog\cl.read.1.tlog
